2024-09-08 18:25:38,728 INFO: Berhasil memuat 5 alamat penerima.
2024-09-08 18:25:39,924 INFO: Saldo akun pengirim: 5.365446590917864744 APE
2024-09-08 18:25:40,179 INFO: Transaksi dikirim ke 0x2945A50D6fAC4502692cB48D697DFeDbf7a6146a. Hash: 0xd2fa38fdd55cc6f4adceb39784791aa1545a5a97f869446cbd5ed59bf41c44d0
2024-09-08 18:25:40,430 INFO: Transaksi dikirim ke 0x4039761A02E295e7485EC5e0759fB5e2d9fB2d19. Hash: 0xce9e0a55ccf3b935b21324bde69544bebfc6fdfcb33f3187c585215a68784c19
2024-09-08 18:25:40,709 INFO: Transaksi dikirim ke 0x1e97217ab84fAe892520919d64884c836735f5b2. Hash: 0xae39c24aec4cdc688d94a05d06511f69fce5a7d13405c13ef36bfd1e9c55e065
2024-09-08 18:25:41,321 INFO: Transaksi dikirim ke 0xf9671BD53fF35898Cb764AD27963B631e843c3Ff. Hash: 0xd427ce8a3fb19c3457730a9c82af751daa43f6a28a40bf18259eae75b034d329
2024-09-08 18:25:41,808 INFO: Transaksi dikirim ke 0xF0fBd3434baA3D245b0560D305345f1743069c55. Hash: 0xf35ec3dfc401a8ae0b3f0c3398e5c1a29286f5b87c1086782b3ff22a6aa5b925
2024-09-08 18:44:14,759 INFO: Berhasil memuat 1 alamat penerima.
2024-09-08 18:44:17,219 INFO: Saldo akun pengirim: 5.345928694814893316 APE
2024-09-08 18:44:17,580 INFO: Transaksi dikirim ke 0xEdbC7ad35d4F0e2a2B7523c90Bd59f979CCa4e4c. Hash: 0xcf27dd4e41d12cb2e21bf193b5565f6a2cd2a3a4dab4cc642c953b3f9ec445aa
2024-09-08 18:43:29,960 INFO: Berhasil memuat 1 alamat penerima.
2024-09-08 18:43:33,206 INFO: Saldo akun pengirim: 5.344815373618674003 APE
2024-09-08 18:43:33,494 INFO: Transaksi dikirim ke 0xEdbC7ad35d4F0e2a2B7523c90Bd59f979CCa4e4c. Hash: 0x54c0dc6dacbb9e11558464eae3eba747ca6aa29b0c6b56f4340dd1c535f07489
2024-09-08 18:43:33,494 INFO: Menunggu 30 detik sebelum transaksi berikutnya...
2024-09-08 18:58:59,107 INFO: Berhasil memuat 10 alamat penerima.
2024-09-08 18:58:59,991 INFO: Saldo akun pengirim: 5.333932496031530874 APE
2024-09-08 18:59:00,228 INFO: Transaksi dikirim ke 0x05C1A44374eE3dB90bCCEA6d5Bbda138d0874033. Hash: 0x3ffc7dfe61245c548307931055c61019f08b64e307185f6f0b061084c290a3c6
2024-09-08 18:59:00,228 INFO: Menunggu 30 detik sebelum transaksi berikutnya...
2024-09-08 18:59:30,466 INFO: Transaksi dikirim ke 0xf9219Acf7A94e5069c8fE71f75eE9186957e7E90. Hash: 0x7e95139a389e9c35a829b057a5f3467849c2941e89fc64a64854b6ec8c7be98a
2024-09-08 18:59:30,466 INFO: Menunggu 30 detik sebelum transaksi berikutnya...
2024-09-08 19:00:00,711 INFO: Transaksi dikirim ke 0x356000Cec4fC967f8FC372381D983426760A0391. Hash: 0xe8a50041f2afa613e889aca718e717652510be67126dae8e01ffa2b37b0f6ad7
2024-09-08 19:00:00,711 INFO: Menunggu 30 detik sebelum transaksi berikutnya...
2024-09-08 19:00:30,948 INFO: Transaksi dikirim ke 0x46CaF1e027094CfD9E0C228Cb3f5208518A45c2F. Hash: 0xdb14cb7d6e47dc4c50bff7c5f0f7f0878f0541190620ec3c9795ac29da2f9e19
2024-09-08 19:00:30,959 INFO: Menunggu 30 detik sebelum transaksi berikutnya...
2024-09-08 19:01:01,324 INFO: Transaksi dikirim ke 0x6Aa41dbfDe99756A41DB6f037946FADEA3bd0be7. Hash: 0x657cc4ddf7f2cb16c0ed12a11a48b8abfb63c3376f17cfc1f1c5795b01e610b9
2024-09-08 19:01:01,324 INFO: Menunggu 30 detik sebelum transaksi berikutnya...
2024-09-08 19:01:31,619 INFO: Transaksi dikirim ke 0xE244d17dC238AC6A303198735110c57Be6f0B59B. Hash: 0x9228a6ef9a6f26dc89449c7bffbac7df44b74bd22646e9a26193e6c444b2e809
2024-09-08 19:01:31,619 INFO: Menunggu 30 detik sebelum transaksi berikutnya...
2024-09-08 19:02:01,857 INFO: Transaksi dikirim ke 0x0000036bc8146bE3A0b6Cd7bFE75E8FB8fcd0c5F. Hash: 0x42d6e18441b9fb2e713a7bc012081951c0623ab2d00a9e59b1e42e661518083a
2024-09-08 19:02:01,857 INFO: Menunggu 30 detik sebelum transaksi berikutnya...
2024-09-08 19:02:32,099 INFO: Transaksi dikirim ke 0xC75cC9758AB989965BfE22F8E54642ace9F01a44. Hash: 0xc8e937b07ee36eaf538ba2266fdc582e1fca3bb6078ac4d02a6c4f70653012c4
2024-09-08 19:02:32,099 INFO: Menunggu 30 detik sebelum transaksi berikutnya...
2024-09-08 19:03:02,355 INFO: Transaksi dikirim ke 0xb208F7Ee9a23e9C55556217A9eB6Ef82Ef65045A. Hash: 0x6c2e2a5ff6d2fc874e259eb427013385976778321fb7720125c30de3181e1b63
2024-09-08 19:03:02,355 INFO: Menunggu 30 detik sebelum transaksi berikutnya...
2024-09-08 19:03:32,599 INFO: Transaksi dikirim ke 0x358Bb14fcC3Ce4e2636E8EA44b21Ba7599Ef733E. Hash: 0x43dd23db72ce0afe5cd060cf9aac07f5815131a56267f3daaf481ea8147867c2
2024-09-08 19:03:32,600 INFO: Menunggu 30 detik sebelum transaksi berikutnya...
2024-09-08 19:10:12,418 INFO: Berhasil memuat dan mengacak 48 alamat penerima.
2024-09-08 19:10:14,990 INFO: Saldo akun pengirim: 5.228991113696108244 APE
2024-09-08 19:10:15,257 INFO: Transaksi dikirim ke 0x46CaF1e027094CfD9E0C228Cb3f5208518A45c2F. Hash: 0xfa6d719fa808ac1231761affa329a939128bbdca7ae4bb3213279fb022a87cd7
2024-09-08 19:10:15,257 INFO: Menunggu 30 detik sebelum transaksi berikutnya...
2024-09-08 19:10:45,534 INFO: Transaksi dikirim ke 0xE976550fdFc2d8279E69050b236bc6FebED0DB07. Hash: 0x998202ee4c2c9f22d07e25d3f16434a0051f0b81b25115f369dfbb1990548177
2024-09-08 19:10:45,534 INFO: Menunggu 30 detik sebelum transaksi berikutnya...
2024-09-08 19:11:15,809 INFO: Transaksi dikirim ke 0x562097136BA7Fc343cA87a303204ad2fDc2E40aF. Hash: 0xeaedfbf4bb580894114f183bad1a021ed443e13ef80db67134f35c77dc5408db
2024-09-08 19:11:15,809 INFO: Menunggu 30 detik sebelum transaksi berikutnya...
2024-09-08 19:11:56,093 INFO: Berhasil memuat dan mengacak 48 alamat penerima.
2024-09-08 19:11:57,329 INFO: Saldo akun pengirim: 5.197582090865033253 APE
2024-09-08 19:11:57,596 INFO: Transaksi dikirim ke 0x41c8881AFA96A13CF95016dAC709514B2bc82b57. Hash: 0x32a1bfa59f62849c0a4d1e3c7cb30e7e8329f9369941f38065007645b29005bb
2024-09-08 19:11:57,596 INFO: Menunggu 30 detik sebelum transaksi berikutnya...
2024-09-08 19:13:51,181 INFO: Berhasil memuat dan mengacak 48 alamat penerima.
2024-09-08 19:13:52,402 INFO: Saldo akun pengirim: 5.17968369419908207 APE
2024-09-08 19:13:52,665 INFO: Transaksi dikirim ke 0x5D05DD2Ef25dB88396947B98303c99DB1F80Ff01. Hash: 0x6bec5e9df9783019f0de722919be5120865d6d90587c64f2ee034cbc48766970. Jumlah: 0.0134 APE
2024-09-08 19:13:52,665 INFO: Menunggu 30 detik sebelum transaksi berikutnya...
2024-09-08 19:15:36,414 INFO: Berhasil memuat dan mengacak 48 alamat penerima.
2024-09-08 19:15:37,537 INFO: Saldo akun pengirim: 5.1662851042881578 APE
2024-09-08 19:15:37,773 INFO: Transaksi dikirim ke 0x92583683a530f8E15eDC97402E49eaaD7BA59BD3. Hash: 0x828b2b36becb00a54bd028a5124aeaed432bb5d2be84ae1ec5d6cefc49e12a81. Jumlah: 0.0177 APE
2024-09-08 19:15:37,773 INFO: Menunggu 109 detik sebelum transaksi berikutnya...
2024-09-08 19:17:27,025 INFO: Transaksi dikirim ke 0xC41F14E9489A88816Daf6de4BEd342F1CeFDDaC5. Hash: 0x85ca9dc8ebcfbfc41f5ef4c65225733e2f905cf494e244c23903ef728b12d9bd. Jumlah: 0.0118 APE
2024-09-08 19:17:27,025 INFO: Menunggu 100 detik sebelum transaksi berikutnya...
